TN:
SF:src/terii.ts
FN:63,Store
FN:85,set
FN:30,get state
FN:42,get status
FN:103,dispatch
FN:127,commit
FN:154,subscribe
FN:176,processCallbacks
FNF:8
FNH:8
FNDA:2,Store
FNDA:12,set
FNDA:1,get state
FNDA:1,get status
FNDA:3,dispatch
FNDA:5,commit
FNDA:2,subscribe
FNDA:12,processCallbacks
DA:1,1
DA:2,1
DA:3,1
DA:4,1
DA:5,1
DA:6,1
DA:7,1
DA:8,1
DA:9,1
DA:10,1
DA:11,1
DA:12,1
DA:13,1
DA:14,1
DA:15,1
DA:16,1
DA:17,1
DA:18,1
DA:19,1
DA:20,1
DA:21,1
DA:22,1
DA:23,1
DA:24,1
DA:25,1
DA:26,1
DA:27,1
DA:28,1
DA:29,1
DA:30,1
DA:31,1
DA:32,1
DA:33,1
DA:34,1
DA:35,1
DA:36,1
DA:37,1
DA:38,1
DA:39,1
DA:40,1
DA:41,1
DA:42,1
DA:43,1
DA:44,1
DA:45,1
DA:46,1
DA:47,1
DA:48,1
DA:49,1
DA:50,1
DA:51,1
DA:52,1
DA:53,1
DA:54,1
DA:55,1
DA:56,1
DA:57,1
DA:58,1
DA:59,1
DA:60,1
DA:61,1
DA:62,1
DA:63,1
DA:64,2
DA:65,2
DA:66,2
DA:67,2
DA:68,2
DA:69,2
DA:70,2
DA:71,2
DA:72,2
DA:73,2
DA:74,2
DA:75,2
DA:76,2
DA:77,2
DA:78,2
DA:79,2
DA:80,2
DA:81,2
DA:82,2
DA:83,2
DA:84,2
DA:85,2
DA:86,12
DA:87,12
DA:88,12
DA:89,12
DA:90,2
DA:91,2
DA:92,2
DA:93,1
DA:94,1
DA:95,1
DA:96,1
DA:97,1
DA:98,1
DA:99,1
DA:100,1
DA:101,1
DA:102,1
DA:103,1
DA:104,3
DA:105,3
DA:106,3
DA:107,2
DA:108,2
DA:109,2
DA:110,1
DA:111,1
DA:112,1
DA:113,1
DA:114,1
DA:115,1
DA:116,1
DA:117,1
DA:118,1
DA:119,1
DA:120,1
DA:121,1
DA:122,1
DA:123,1
DA:124,1
DA:125,1
DA:126,1
DA:127,1
DA:128,5
DA:129,5
DA:130,5
DA:131,2
DA:132,2
DA:133,2
DA:134,3
DA:135,3
DA:136,3
DA:137,3
DA:138,3
DA:139,3
DA:140,3
DA:141,3
DA:142,3
DA:143,3
DA:144,3
DA:145,3
DA:146,1
DA:147,1
DA:148,1
DA:149,1
DA:150,1
DA:151,1
DA:152,1
DA:153,1
DA:154,1
DA:155,2
DA:156,1
DA:157,1
DA:158,1
DA:159,1
DA:160,1
DA:161,1
DA:162,1
DA:163,1
DA:164,1
DA:165,1
DA:166,1
DA:167,1
DA:168,1
DA:169,1
DA:170,1
DA:171,1
DA:172,1
DA:173,1
DA:174,1
DA:175,1
DA:176,1
DA:177,12
DA:178,8
DA:179,8
DA:180,4
DA:181,4
DA:182,4
DA:183,4
DA:184,4
DA:185,4
DA:186,1
LF:186
LH:186
BRDA:63,0,0,2
BRDA:72,1,0,1
BRDA:72,2,0,1
BRDA:73,3,0,1
BRDA:73,4,0,1
BRDA:84,5,0,1
BRDA:85,6,0,12
BRDA:30,7,0,1
BRDA:42,8,0,1
BRDA:103,9,0,3
BRDA:106,10,0,2
BRDA:110,11,0,1
BRDA:127,12,0,5
BRDA:130,13,0,2
BRDA:134,14,0,3
BRDA:154,15,0,2
BRDA:155,16,0,1
BRDA:176,17,0,12
BRDA:177,18,0,8
BRDA:180,19,0,4
BRDA:182,20,0,4
BRF:21
BRH:21
end_of_record
